<?xml version="1.0" encoding="UTF-8"?>
<!-- Generated by org.testng.reporters.JUnitReportReporter -->
<testsuite hostname="Ashwani_Singh" name="AutomateWeb.AllLinks" tests="2" failures="0" timestamp="6 Oct 2019 05:25:23 GMT" time="35.971" errors="0">
  <testcase name="FindLinks" time="10.653" classname="AutomateWeb.AllLinks"/>
  <testcase name="Search" time="25.318" classname="AutomateWeb.AllLinks"/>
</testsuite> <!-- AutomateWeb.AllLinks -->
