<?xml version="1.0" encoding="UTF-8"?>
<!-- Generated by org.testng.reporters.JUnitReportReporter -->
<testsuite hostname="Ashwani_Singh" name="AutomateWeb.AllLinks" tests="2" failures="0" timestamp="3 Oct 2019 17:48:31 GMT" time="46.096" errors="0">
  <testcase name="Search" time="25.673" classname="AutomateWeb.AllLinks"/>
  <testcase name="FindLinks" time="20.423" classname="AutomateWeb.AllLinks"/>
</testsuite> <!-- AutomateWeb.AllLinks -->
